[0.422s] Invoking command in '/home/hugh/algorithmic-robots-world/workspace/succulence_ws/src/succulence_rover_ros': DEBUGINFOD_URLS=https://debuginfod.ubuntu.com PYTHONPATH=/home/hugh/algorithmic-robots-world/workspace/succulence_ws/build/succulence_rover_ros/prefix_override:/usr/lib/python3/dist-packages/colcon_core/task/python/colcon_distutils_commands:/home/hugh/algorithmic-robots-world/workspace/succulence_ws/install/lib/python3.12/site-packages:${PYTHONPATH} /usr/bin/python3 -W ignore:setup.py install is deprecated -W ignore:easy_install command is deprecated setup.py egg_info --egg-base ../../build/succulence_rover_ros build --build-base /home/hugh/algorithmic-robots-world/workspace/succulence_ws/build/succulence_rover_ros/build install --record /home/hugh/algorithmic-robots-world/workspace/succulence_ws/build/succulence_rover_ros/install.log --single-version-externally-managed install_data
[0.566s] running egg_info
[0.576s] writing ../../build/succulence_rover_ros/succulence_rover_ros.egg-info/PKG-INFO
[0.576s] writing dependency_links to ../../build/succulence_rover_ros/succulence_rover_ros.egg-info/dependency_links.txt
[0.576s] writing entry points to ../../build/succulence_rover_ros/succulence_rover_ros.egg-info/entry_points.txt
[0.576s] writing requirements to ../../build/succulence_rover_ros/succulence_rover_ros.egg-info/requires.txt
[0.576s] writing top-level names to ../../build/succulence_rover_ros/succulence_rover_ros.egg-info/top_level.txt
[0.597s] reading manifest file '../../build/succulence_rover_ros/succulence_rover_ros.egg-info/SOURCES.txt'
[0.597s] writing manifest file '../../build/succulence_rover_ros/succulence_rover_ros.egg-info/SOURCES.txt'
[0.597s] running build
[0.597s] running build_py
[0.598s] copying succulence_rover_ros/occupancy_grid_mapper.py -> /home/hugh/algorithmic-robots-world/workspace/succulence_ws/build/succulence_rover_ros/build/lib/succulence_rover_ros
[0.598s] copying succulence_rover_ros/motion_model.py -> /home/hugh/algorithmic-robots-world/workspace/succulence_ws/build/succulence_rover_ros/build/lib/succulence_rover_ros
[0.598s] running install
[0.602s] running install_lib
[0.613s] copying /home/hugh/algorithmic-robots-world/workspace/succulence_ws/build/succulence_rover_ros/build/lib/succulence_rover_ros/occupancy_grid_mapper.py -> /home/hugh/algorithmic-robots-world/workspace/succulence_ws/install/lib/python3.12/site-packages/succulence_rover_ros
[0.613s] copying /home/hugh/algorithmic-robots-world/workspace/succulence_ws/build/succulence_rover_ros/build/lib/succulence_rover_ros/motion_model.py -> /home/hugh/algorithmic-robots-world/workspace/succulence_ws/install/lib/python3.12/site-packages/succulence_rover_ros
[0.614s] byte-compiling /home/hugh/algorithmic-robots-world/workspace/succulence_ws/install/lib/python3.12/site-packages/succulence_rover_ros/occupancy_grid_mapper.py to occupancy_grid_mapper.cpython-312.pyc
[0.616s] byte-compiling /home/hugh/algorithmic-robots-world/workspace/succulence_ws/install/lib/python3.12/site-packages/succulence_rover_ros/motion_model.py to motion_model.cpython-312.pyc
[0.617s] running install_data
[0.617s] copying config/params.yaml -> /home/hugh/algorithmic-robots-world/workspace/succulence_ws/install/share/succulence_rover_ros/config
[0.617s] running install_egg_info
[0.628s] removing '/home/hugh/algorithmic-robots-world/workspace/succulence_ws/install/lib/python3.12/site-packages/succulence_rover_ros-0.1.0-py3.12.egg-info' (and everything under it)
[0.628s] Copying ../../build/succulence_rover_ros/succulence_rover_ros.egg-info to /home/hugh/algorithmic-robots-world/workspace/succulence_ws/install/lib/python3.12/site-packages/succulence_rover_ros-0.1.0-py3.12.egg-info
[0.628s] running install_scripts
[0.696s] Installing motion_model_node script to /home/hugh/algorithmic-robots-world/workspace/succulence_ws/install/lib/succulence_rover_ros
[0.696s] Installing occupancy_grid_mapper_node script to /home/hugh/algorithmic-robots-world/workspace/succulence_ws/install/lib/succulence_rover_ros
[0.696s] writing list of installed files to '/home/hugh/algorithmic-robots-world/workspace/succulence_ws/build/succulence_rover_ros/install.log'
[0.713s] Invoked command in '/home/hugh/algorithmic-robots-world/workspace/succulence_ws/src/succulence_rover_ros' returned '0': DEBUGINFOD_URLS=https://debuginfod.ubuntu.com PYTHONPATH=/home/hugh/algorithmic-robots-world/workspace/succulence_ws/build/succulence_rover_ros/prefix_override:/usr/lib/python3/dist-packages/colcon_core/task/python/colcon_distutils_commands:/home/hugh/algorithmic-robots-world/workspace/succulence_ws/install/lib/python3.12/site-packages:${PYTHONPATH} /usr/bin/python3 -W ignore:setup.py install is deprecated -W ignore:easy_install command is deprecated setup.py egg_info --egg-base ../../build/succulence_rover_ros build --build-base /home/hugh/algorithmic-robots-world/workspace/succulence_ws/build/succulence_rover_ros/build install --record /home/hugh/algorithmic-robots-world/workspace/succulence_ws/build/succulence_rover_ros/install.log --single-version-externally-managed install_data
