[0.429s] Invoking command in '/workspace/succulence_ws/build/succulence_rover_ros': PYTHONPATH=/workspace/succulence_ws/build/succulence_rover_ros/prefix_override:/usr/lib/python3/dist-packages/colcon_core/task/python/colcon_distutils_commands:/workspace/succulence_ws/install/succulence_rover_ros/lib/python3.12/site-packages:${PYTHONPATH} /usr/bin/python3 -W ignore:setup.py install is deprecated -W ignore:easy_install command is deprecated setup.py develop --uninstall --editable --build-directory /workspace/succulence_ws/build/succulence_rover_ros/build
[0.601s] running develop
[0.701s] Removing /workspace/succulence_ws/install/succulence_rover_ros/lib/python3.12/site-packages/succulence-rover-ros.egg-link (link to .)
[0.718s] Invoked command in '/workspace/succulence_ws/build/succulence_rover_ros' returned '0': PYTHONPATH=/workspace/succulence_ws/build/succulence_rover_ros/prefix_override:/usr/lib/python3/dist-packages/colcon_core/task/python/colcon_distutils_commands:/workspace/succulence_ws/install/succulence_rover_ros/lib/python3.12/site-packages:${PYTHONPATH} /usr/bin/python3 -W ignore:setup.py install is deprecated -W ignore:easy_install command is deprecated setup.py develop --uninstall --editable --build-directory /workspace/succulence_ws/build/succulence_rover_ros/build
[0.719s] Invoking command in '/workspace/succulence_ws/src/succulence_rover_ros': PYTHONPATH=/workspace/succulence_ws/build/succulence_rover_ros/prefix_override:/usr/lib/python3/dist-packages/colcon_core/task/python/colcon_distutils_commands:/workspace/succulence_ws/install/succulence_rover_ros/lib/python3.12/site-packages:${PYTHONPATH} /usr/bin/python3 -W ignore:setup.py install is deprecated -W ignore:easy_install command is deprecated setup.py egg_info --egg-base ../../build/succulence_rover_ros build --build-base /workspace/succulence_ws/build/succulence_rover_ros/build install --record /workspace/succulence_ws/build/succulence_rover_ros/install.log --single-version-externally-managed install_data --force
[0.863s] running egg_info
[0.872s] writing ../../build/succulence_rover_ros/succulence_rover_ros.egg-info/PKG-INFO
[0.872s] writing dependency_links to ../../build/succulence_rover_ros/succulence_rover_ros.egg-info/dependency_links.txt
[0.872s] writing entry points to ../../build/succulence_rover_ros/succulence_rover_ros.egg-info/entry_points.txt
[0.872s] writing requirements to ../../build/succulence_rover_ros/succulence_rover_ros.egg-info/requires.txt
[0.872s] writing top-level names to ../../build/succulence_rover_ros/succulence_rover_ros.egg-info/top_level.txt
[0.892s] reading manifest file '../../build/succulence_rover_ros/succulence_rover_ros.egg-info/SOURCES.txt'
[0.893s] writing manifest file '../../build/succulence_rover_ros/succulence_rover_ros.egg-info/SOURCES.txt'
[0.893s] running build
[0.893s] running build_py
[0.893s] creating /workspace/succulence_ws/build/succulence_rover_ros/build
[0.893s] creating /workspace/succulence_ws/build/succulence_rover_ros/build/lib
[0.893s] creating /workspace/succulence_ws/build/succulence_rover_ros/build/lib/succulence_rover_ros
[0.893s] copying succulence_rover_ros/slam_node_lab08.py -> /workspace/succulence_ws/build/succulence_rover_ros/build/lib/succulence_rover_ros
[0.893s] copying succulence_rover_ros/__init__.py -> /workspace/succulence_ws/build/succulence_rover_ros/build/lib/succulence_rover_ros
[0.893s] copying succulence_rover_ros/slam_node.py -> /workspace/succulence_ws/build/succulence_rover_ros/build/lib/succulence_rover_ros
[0.894s] copying succulence_rover_ros/planner_node.py -> /workspace/succulence_ws/build/succulence_rover_ros/build/lib/succulence_rover_ros
[0.894s] copying succulence_rover_ros/graph_optimizer.py -> /workspace/succulence_ws/build/succulence_rover_ros/build/lib/succulence_rover_ros
[0.894s] copying succulence_rover_ros/scan_matcher.py -> /workspace/succulence_ws/build/succulence_rover_ros/build/lib/succulence_rover_ros
[0.894s] copying succulence_rover_ros/occupancy_grid_mapper.py -> /workspace/succulence_ws/build/succulence_rover_ros/build/lib/succulence_rover_ros
[0.894s] copying succulence_rover_ros/path_follower.py -> /workspace/succulence_ws/build/succulence_rover_ros/build/lib/succulence_rover_ros
[0.894s] copying succulence_rover_ros/navigator_node.py -> /workspace/succulence_ws/build/succulence_rover_ros/build/lib/succulence_rover_ros
[0.894s] copying succulence_rover_ros/pose_graph.py -> /workspace/succulence_ws/build/succulence_rover_ros/build/lib/succulence_rover_ros
[0.894s] copying succulence_rover_ros/astar.py -> /workspace/succulence_ws/build/succulence_rover_ros/build/lib/succulence_rover_ros
[0.894s] copying succulence_rover_ros/slam_node_lab09.py -> /workspace/succulence_ws/build/succulence_rover_ros/build/lib/succulence_rover_ros
[0.894s] copying succulence_rover_ros/utils.py -> /workspace/succulence_ws/build/succulence_rover_ros/build/lib/succulence_rover_ros
[0.894s] copying succulence_rover_ros/motion_model.py -> /workspace/succulence_ws/build/succulence_rover_ros/build/lib/succulence_rover_ros
[0.894s] running install
[0.898s] running install_lib
[0.907s] creating /workspace/succulence_ws/install/succulence_rover_ros/lib/python3.12/site-packages/succulence_rover_ros
[0.907s] copying /workspace/succulence_ws/build/succulence_rover_ros/build/lib/succulence_rover_ros/slam_node_lab08.py -> /workspace/succulence_ws/install/succulence_rover_ros/lib/python3.12/site-packages/succulence_rover_ros
[0.907s] copying /workspace/succulence_ws/build/succulence_rover_ros/build/lib/succulence_rover_ros/__init__.py -> /workspace/succulence_ws/install/succulence_rover_ros/lib/python3.12/site-packages/succulence_rover_ros
[0.907s] copying /workspace/succulence_ws/build/succulence_rover_ros/build/lib/succulence_rover_ros/slam_node.py -> /workspace/succulence_ws/install/succulence_rover_ros/lib/python3.12/site-packages/succulence_rover_ros
[0.907s] copying /workspace/succulence_ws/build/succulence_rover_ros/build/lib/succulence_rover_ros/planner_node.py -> /workspace/succulence_ws/install/succulence_rover_ros/lib/python3.12/site-packages/succulence_rover_ros
[0.907s] copying /workspace/succulence_ws/build/succulence_rover_ros/build/lib/succulence_rover_ros/graph_optimizer.py -> /workspace/succulence_ws/install/succulence_rover_ros/lib/python3.12/site-packages/succulence_rover_ros
[0.907s] copying /workspace/succulence_ws/build/succulence_rover_ros/build/lib/succulence_rover_ros/scan_matcher.py -> /workspace/succulence_ws/install/succulence_rover_ros/lib/python3.12/site-packages/succulence_rover_ros
[0.907s] copying /workspace/succulence_ws/build/succulence_rover_ros/build/lib/succulence_rover_ros/occupancy_grid_mapper.py -> /workspace/succulence_ws/install/succulence_rover_ros/lib/python3.12/site-packages/succulence_rover_ros
[0.907s] copying /workspace/succulence_ws/build/succulence_rover_ros/build/lib/succulence_rover_ros/path_follower.py -> /workspace/succulence_ws/install/succulence_rover_ros/lib/python3.12/site-packages/succulence_rover_ros
[0.907s] copying /workspace/succulence_ws/build/succulence_rover_ros/build/lib/succulence_rover_ros/navigator_node.py -> /workspace/succulence_ws/install/succulence_rover_ros/lib/python3.12/site-packages/succulence_rover_ros
[0.907s] copying /workspace/succulence_ws/build/succulence_rover_ros/build/lib/succulence_rover_ros/pose_graph.py -> /workspace/succulence_ws/install/succulence_rover_ros/lib/python3.12/site-packages/succulence_rover_ros
[0.907s] copying /workspace/succulence_ws/build/succulence_rover_ros/build/lib/succulence_rover_ros/astar.py -> /workspace/succulence_ws/install/succulence_rover_ros/lib/python3.12/site-packages/succulence_rover_ros
[0.907s] copying /workspace/succulence_ws/build/succulence_rover_ros/build/lib/succulence_rover_ros/slam_node_lab09.py -> /workspace/succulence_ws/install/succulence_rover_ros/lib/python3.12/site-packages/succulence_rover_ros
[0.908s] copying /workspace/succulence_ws/build/succulence_rover_ros/build/lib/succulence_rover_ros/utils.py -> /workspace/succulence_ws/install/succulence_rover_ros/lib/python3.12/site-packages/succulence_rover_ros
[0.908s] copying /workspace/succulence_ws/build/succulence_rover_ros/build/lib/succulence_rover_ros/motion_model.py -> /workspace/succulence_ws/install/succulence_rover_ros/lib/python3.12/site-packages/succulence_rover_ros
[0.908s] byte-compiling /workspace/succulence_ws/install/succulence_rover_ros/lib/python3.12/site-packages/succulence_rover_ros/slam_node_lab08.py to slam_node_lab08.cpython-312.pyc
[0.910s] byte-compiling /workspace/succulence_ws/install/succulence_rover_ros/lib/python3.12/site-packages/succulence_rover_ros/__init__.py to __init__.cpython-312.pyc
[0.910s] byte-compiling /workspace/succulence_ws/install/succulence_rover_ros/lib/python3.12/site-packages/succulence_rover_ros/slam_node.py to slam_node.cpython-312.pyc
[0.912s] byte-compiling /workspace/succulence_ws/install/succulence_rover_ros/lib/python3.12/site-packages/succulence_rover_ros/planner_node.py to planner_node.cpython-312.pyc
[0.913s] byte-compiling /workspace/succulence_ws/install/succulence_rover_ros/lib/python3.12/site-packages/succulence_rover_ros/graph_optimizer.py to graph_optimizer.cpython-312.pyc
[0.914s] byte-compiling /workspace/succulence_ws/install/succulence_rover_ros/lib/python3.12/site-packages/succulence_rover_ros/scan_matcher.py to scan_matcher.cpython-312.pyc
[0.915s] byte-compiling /workspace/succulence_ws/install/succulence_rover_ros/lib/python3.12/site-packages/succulence_rover_ros/occupancy_grid_mapper.py to occupancy_grid_mapper.cpython-312.pyc
[0.917s] byte-compiling /workspace/succulence_ws/install/succulence_rover_ros/lib/python3.12/site-packages/succulence_rover_ros/path_follower.py to path_follower.cpython-312.pyc
[0.918s] byte-compiling /workspace/succulence_ws/install/succulence_rover_ros/lib/python3.12/site-packages/succulence_rover_ros/navigator_node.py to navigator_node.cpython-312.pyc
[0.918s] byte-compiling /workspace/succulence_ws/install/succulence_rover_ros/lib/python3.12/site-packages/succulence_rover_ros/pose_graph.py to pose_graph.cpython-312.pyc
[0.919s] byte-compiling /workspace/succulence_ws/install/succulence_rover_ros/lib/python3.12/site-packages/succulence_rover_ros/astar.py to astar.cpython-312.pyc
[0.919s] byte-compiling /workspace/succulence_ws/install/succulence_rover_ros/lib/python3.12/site-packages/succulence_rover_ros/slam_node_lab09.py to slam_node_lab09.cpython-312.pyc
[0.921s] byte-compiling /workspace/succulence_ws/install/succulence_rover_ros/lib/python3.12/site-packages/succulence_rover_ros/utils.py to utils.cpython-312.pyc
[0.922s] byte-compiling /workspace/succulence_ws/install/succulence_rover_ros/lib/python3.12/site-packages/succulence_rover_ros/motion_model.py to motion_model.cpython-312.pyc
[0.923s] running install_data
[0.923s] copying resource/succulence_rover_ros -> /workspace/succulence_ws/install/succulence_rover_ros/share/ament_index/resource_index/packages
[0.923s] copying package.xml -> /workspace/succulence_ws/install/succulence_rover_ros/share/succulence_rover_ros
[0.924s] copying launch/dead_reckoning_physical.launch.py -> /workspace/succulence_ws/install/succulence_rover_ros/share/succulence_rover_ros/launch
[0.924s] copying launch/dead_reckoning_sim.launch.py -> /workspace/succulence_ws/install/succulence_rover_ros/share/succulence_rover_ros/launch
[0.924s] copying launch/mission_physical.launch.py -> /workspace/succulence_ws/install/succulence_rover_ros/share/succulence_rover_ros/launch
[0.924s] copying launch/slam_sim.launch.py -> /workspace/succulence_ws/install/succulence_rover_ros/share/succulence_rover_ros/launch
[0.924s] copying launch/mission_sim.launch.py -> /workspace/succulence_ws/install/succulence_rover_ros/share/succulence_rover_ros/launch
[0.924s] copying launch/mission.launch.py -> /workspace/succulence_ws/install/succulence_rover_ros/share/succulence_rover_ros/launch
[0.924s] copying launch/dead_reckoning.launch.py -> /workspace/succulence_ws/install/succulence_rover_ros/share/succulence_rover_ros/launch
[0.924s] copying launch/slam_physical.launch.py -> /workspace/succulence_ws/install/succulence_rover_ros/share/succulence_rover_ros/launch
[0.924s] copying launch/slam.launch.py -> /workspace/succulence_ws/install/succulence_rover_ros/share/succulence_rover_ros/launch
[0.925s] copying config/params_physical.yaml -> /workspace/succulence_ws/install/succulence_rover_ros/share/succulence_rover_ros/config
[0.925s] copying config/params.yaml -> /workspace/succulence_ws/install/succulence_rover_ros/share/succulence_rover_ros/config
[0.925s] copying config/params_sim.yaml -> /workspace/succulence_ws/install/succulence_rover_ros/share/succulence_rover_ros/config
[0.925s] copying config/succulance.rviz -> /workspace/succulence_ws/install/succulence_rover_ros/share/succulence_rover_ros/config
[0.925s] copying config/succulance_slam.rviz -> /workspace/succulence_ws/install/succulence_rover_ros/share/succulence_rover_ros/config
[0.925s] running install_egg_info
[0.937s] Copying ../../build/succulence_rover_ros/succulence_rover_ros.egg-info to /workspace/succulence_ws/install/succulence_rover_ros/lib/python3.12/site-packages/succulence_rover_ros-0.1.0-py3.12.egg-info
[0.937s] running install_scripts
[1.005s] Installing motion_model_node script to /workspace/succulence_ws/install/succulence_rover_ros/lib/succulence_rover_ros
[1.006s] Installing navigator_node script to /workspace/succulence_ws/install/succulence_rover_ros/lib/succulence_rover_ros
[1.006s] Installing occupancy_grid_mapper_node script to /workspace/succulence_ws/install/succulence_rover_ros/lib/succulence_rover_ros
[1.006s] Installing planner_node script to /workspace/succulence_ws/install/succulence_rover_ros/lib/succulence_rover_ros
[1.006s] Installing slam_node script to /workspace/succulence_ws/install/succulence_rover_ros/lib/succulence_rover_ros
[1.006s] writing list of installed files to '/workspace/succulence_ws/build/succulence_rover_ros/install.log'
[1.024s] Invoked command in '/workspace/succulence_ws/src/succulence_rover_ros' returned '0': PYTHONPATH=/workspace/succulence_ws/build/succulence_rover_ros/prefix_override:/usr/lib/python3/dist-packages/colcon_core/task/python/colcon_distutils_commands:/workspace/succulence_ws/install/succulence_rover_ros/lib/python3.12/site-packages:${PYTHONPATH} /usr/bin/python3 -W ignore:setup.py install is deprecated -W ignore:easy_install command is deprecated setup.py egg_info --egg-base ../../build/succulence_rover_ros build --build-base /workspace/succulence_ws/build/succulence_rover_ros/build install --record /workspace/succulence_ws/build/succulence_rover_ros/install.log --single-version-externally-managed install_data --force
