[0.424s] Invoking command in '/home/hugh/algorithmic-robots-world/workspace/succulence_ws/src/succulence_rover_ros': DEBUGINFOD_URLS=https://debuginfod.ubuntu.com PYTHONPATH=/home/hugh/algorithmic-robots-world/workspace/succulence_ws/build/succulence_rover_ros/prefix_override:/usr/lib/python3/dist-packages/colcon_core/task/python/colcon_distutils_commands:/home/hugh/algorithmic-robots-world/workspace/succulence_ws/install/lib/python3.12/site-packages:${PYTHONPATH} /usr/bin/python3 -W ignore:setup.py install is deprecated -W ignore:easy_install command is deprecated setup.py egg_info --egg-base ../../build/succulence_rover_ros build --build-base /home/hugh/algorithmic-robots-world/workspace/succulence_ws/build/succulence_rover_ros/build install --record /home/hugh/algorithmic-robots-world/workspace/succulence_ws/build/succulence_rover_ros/install.log --single-version-externally-managed install_data
[0.562s] running egg_info
[0.562s] creating ../../build/succulence_rover_ros/succulence_rover_ros.egg-info
[0.571s] writing ../../build/succulence_rover_ros/succulence_rover_ros.egg-info/PKG-INFO
[0.571s] writing dependency_links to ../../build/succulence_rover_ros/succulence_rover_ros.egg-info/dependency_links.txt
[0.571s] writing entry points to ../../build/succulence_rover_ros/succulence_rover_ros.egg-info/entry_points.txt
[0.572s] writing requirements to ../../build/succulence_rover_ros/succulence_rover_ros.egg-info/requires.txt
[0.572s] writing top-level names to ../../build/succulence_rover_ros/succulence_rover_ros.egg-info/top_level.txt
[0.572s] writing manifest file '../../build/succulence_rover_ros/succulence_rover_ros.egg-info/SOURCES.txt'
[0.591s] reading manifest file '../../build/succulence_rover_ros/succulence_rover_ros.egg-info/SOURCES.txt'
[0.591s] writing manifest file '../../build/succulence_rover_ros/succulence_rover_ros.egg-info/SOURCES.txt'
[0.591s] running build
[0.591s] running build_py
[0.591s] creating /home/hugh/algorithmic-robots-world/workspace/succulence_ws/build/succulence_rover_ros/build
[0.591s] creating /home/hugh/algorithmic-robots-world/workspace/succulence_ws/build/succulence_rover_ros/build/lib
[0.591s] creating /home/hugh/algorithmic-robots-world/workspace/succulence_ws/build/succulence_rover_ros/build/lib/succulence_rover_ros
[0.592s] copying succulence_rover_ros/__init__.py -> /home/hugh/algorithmic-robots-world/workspace/succulence_ws/build/succulence_rover_ros/build/lib/succulence_rover_ros
[0.593s] copying succulence_rover_ros/occupancy_grid_mapper.py -> /home/hugh/algorithmic-robots-world/workspace/succulence_ws/build/succulence_rover_ros/build/lib/succulence_rover_ros
[0.594s] copying succulence_rover_ros/utils.py -> /home/hugh/algorithmic-robots-world/workspace/succulence_ws/build/succulence_rover_ros/build/lib/succulence_rover_ros
[0.594s] copying succulence_rover_ros/motion_model.py -> /home/hugh/algorithmic-robots-world/workspace/succulence_ws/build/succulence_rover_ros/build/lib/succulence_rover_ros
[0.594s] running install
[0.598s] running install_lib
[0.608s] creating /home/hugh/algorithmic-robots-world/workspace/succulence_ws/install/lib/python3.12/site-packages/succulence_rover_ros
[0.608s] copying /home/hugh/algorithmic-robots-world/workspace/succulence_ws/build/succulence_rover_ros/build/lib/succulence_rover_ros/__init__.py -> /home/hugh/algorithmic-robots-world/workspace/succulence_ws/install/lib/python3.12/site-packages/succulence_rover_ros
[0.608s] copying /home/hugh/algorithmic-robots-world/workspace/succulence_ws/build/succulence_rover_ros/build/lib/succulence_rover_ros/occupancy_grid_mapper.py -> /home/hugh/algorithmic-robots-world/workspace/succulence_ws/install/lib/python3.12/site-packages/succulence_rover_ros
[0.608s] copying /home/hugh/algorithmic-robots-world/workspace/succulence_ws/build/succulence_rover_ros/build/lib/succulence_rover_ros/utils.py -> /home/hugh/algorithmic-robots-world/workspace/succulence_ws/install/lib/python3.12/site-packages/succulence_rover_ros
[0.608s] copying /home/hugh/algorithmic-robots-world/workspace/succulence_ws/build/succulence_rover_ros/build/lib/succulence_rover_ros/motion_model.py -> /home/hugh/algorithmic-robots-world/workspace/succulence_ws/install/lib/python3.12/site-packages/succulence_rover_ros
[0.608s] byte-compiling /home/hugh/algorithmic-robots-world/workspace/succulence_ws/install/lib/python3.12/site-packages/succulence_rover_ros/__init__.py to __init__.cpython-312.pyc
[0.609s] byte-compiling /home/hugh/algorithmic-robots-world/workspace/succulence_ws/install/lib/python3.12/site-packages/succulence_rover_ros/occupancy_grid_mapper.py to occupancy_grid_mapper.cpython-312.pyc
[0.610s] byte-compiling /home/hugh/algorithmic-robots-world/workspace/succulence_ws/install/lib/python3.12/site-packages/succulence_rover_ros/utils.py to utils.cpython-312.pyc
[0.611s] byte-compiling /home/hugh/algorithmic-robots-world/workspace/succulence_ws/install/lib/python3.12/site-packages/succulence_rover_ros/motion_model.py to motion_model.cpython-312.pyc
[0.612s] running install_data
[0.612s] creating /home/hugh/algorithmic-robots-world/workspace/succulence_ws/install/share/ament_index
[0.612s] creating /home/hugh/algorithmic-robots-world/workspace/succulence_ws/install/share/ament_index/resource_index
[0.612s] creating /home/hugh/algorithmic-robots-world/workspace/succulence_ws/install/share/ament_index/resource_index/packages
[0.612s] copying resource/succulence_rover_ros -> /home/hugh/algorithmic-robots-world/workspace/succulence_ws/install/share/ament_index/resource_index/packages
[0.612s] copying package.xml -> /home/hugh/algorithmic-robots-world/workspace/succulence_ws/install/share/succulence_rover_ros
[0.612s] creating /home/hugh/algorithmic-robots-world/workspace/succulence_ws/install/share/succulence_rover_ros/launch
[0.612s] copying launch/dead_reckoning.launch.py -> /home/hugh/algorithmic-robots-world/workspace/succulence_ws/install/share/succulence_rover_ros/launch
[0.613s] copying launch/slam.launch.py -> /home/hugh/algorithmic-robots-world/workspace/succulence_ws/install/share/succulence_rover_ros/launch
[0.613s] creating /home/hugh/algorithmic-robots-world/workspace/succulence_ws/install/share/succulence_rover_ros/config
[0.613s] copying config/params.yaml -> /home/hugh/algorithmic-robots-world/workspace/succulence_ws/install/share/succulence_rover_ros/config
[0.613s] running install_egg_info
[0.624s] Copying ../../build/succulence_rover_ros/succulence_rover_ros.egg-info to /home/hugh/algorithmic-robots-world/workspace/succulence_ws/install/lib/python3.12/site-packages/succulence_rover_ros-0.1.0-py3.12.egg-info
[0.624s] running install_scripts
[0.692s] Installing motion_model_node script to /home/hugh/algorithmic-robots-world/workspace/succulence_ws/install/lib/succulence_rover_ros
[0.692s] Installing occupancy_grid_mapper_node script to /home/hugh/algorithmic-robots-world/workspace/succulence_ws/install/lib/succulence_rover_ros
[0.693s] writing list of installed files to '/home/hugh/algorithmic-robots-world/workspace/succulence_ws/build/succulence_rover_ros/install.log'
[0.709s] Invoked command in '/home/hugh/algorithmic-robots-world/workspace/succulence_ws/src/succulence_rover_ros' returned '0': DEBUGINFOD_URLS=https://debuginfod.ubuntu.com PYTHONPATH=/home/hugh/algorithmic-robots-world/workspace/succulence_ws/build/succulence_rover_ros/prefix_override:/usr/lib/python3/dist-packages/colcon_core/task/python/colcon_distutils_commands:/home/hugh/algorithmic-robots-world/workspace/succulence_ws/install/lib/python3.12/site-packages:${PYTHONPATH} /usr/bin/python3 -W ignore:setup.py install is deprecated -W ignore:easy_install command is deprecated setup.py egg_info --egg-base ../../build/succulence_rover_ros build --build-base /home/hugh/algorithmic-robots-world/workspace/succulence_ws/build/succulence_rover_ros/build install --record /home/hugh/algorithmic-robots-world/workspace/succulence_ws/build/succulence_rover_ros/install.log --single-version-externally-managed install_data
