running egg_info
creating build/succulence_rover_ros/succulence_rover_ros.egg-info
writing build/succulence_rover_ros/succulence_rover_ros.egg-info/PKG-INFO
writing dependency_links to build/succulence_rover_ros/succulence_rover_ros.egg-info/dependency_links.txt
writing entry points to build/succulence_rover_ros/succulence_rover_ros.egg-info/entry_points.txt
writing requirements to build/succulence_rover_ros/succulence_rover_ros.egg-info/requires.txt
writing top-level names to build/succulence_rover_ros/succulence_rover_ros.egg-info/top_level.txt
writing manifest file 'build/succulence_rover_ros/succulence_rover_ros.egg-info/SOURCES.txt'
reading manifest file 'build/succulence_rover_ros/succulence_rover_ros.egg-info/SOURCES.txt'
writing manifest file 'build/succulence_rover_ros/succulence_rover_ros.egg-info/SOURCES.txt'
running build
running build_py
creating /home/maleen/git/algorithmic-robots-world/workspace/succulence_rover_ros/build/succulence_rover_ros/build
creating /home/maleen/git/algorithmic-robots-world/workspace/succulence_rover_ros/build/succulence_rover_ros/build/lib
creating /home/maleen/git/algorithmic-robots-world/workspace/succulence_rover_ros/build/succulence_rover_ros/build/lib/succulence_rover_ros
copying succulence_rover_ros/occupancy_grid_mapper.py -> /home/maleen/git/algorithmic-robots-world/workspace/succulence_rover_ros/build/succulence_rover_ros/build/lib/succulence_rover_ros
copying succulence_rover_ros/__init__.py -> /home/maleen/git/algorithmic-robots-world/workspace/succulence_rover_ros/build/succulence_rover_ros/build/lib/succulence_rover_ros
copying succulence_rover_ros/utils.py -> /home/maleen/git/algorithmic-robots-world/workspace/succulence_rover_ros/build/succulence_rover_ros/build/lib/succulence_rover_ros
copying succulence_rover_ros/motion_model.py -> /home/maleen/git/algorithmic-robots-world/workspace/succulence_rover_ros/build/succulence_rover_ros/build/lib/succulence_rover_ros
running install
running install_lib
creating /home/maleen/git/algorithmic-robots-world/workspace/succulence_rover_ros/install/succulence_rover_ros/lib/python3.12/site-packages/succulence_rover_ros
copying /home/maleen/git/algorithmic-robots-world/workspace/succulence_rover_ros/build/succulence_rover_ros/build/lib/succulence_rover_ros/occupancy_grid_mapper.py -> /home/maleen/git/algorithmic-robots-world/workspace/succulence_rover_ros/install/succulence_rover_ros/lib/python3.12/site-packages/succulence_rover_ros
copying /home/maleen/git/algorithmic-robots-world/workspace/succulence_rover_ros/build/succulence_rover_ros/build/lib/succulence_rover_ros/__init__.py -> /home/maleen/git/algorithmic-robots-world/workspace/succulence_rover_ros/install/succulence_rover_ros/lib/python3.12/site-packages/succulence_rover_ros
copying /home/maleen/git/algorithmic-robots-world/workspace/succulence_rover_ros/build/succulence_rover_ros/build/lib/succulence_rover_ros/utils.py -> /home/maleen/git/algorithmic-robots-world/workspace/succulence_rover_ros/install/succulence_rover_ros/lib/python3.12/site-packages/succulence_rover_ros
copying /home/maleen/git/algorithmic-robots-world/workspace/succulence_rover_ros/build/succulence_rover_ros/build/lib/succulence_rover_ros/motion_model.py -> /home/maleen/git/algorithmic-robots-world/workspace/succulence_rover_ros/install/succulence_rover_ros/lib/python3.12/site-packages/succulence_rover_ros
byte-compiling /home/maleen/git/algorithmic-robots-world/workspace/succulence_rover_ros/install/succulence_rover_ros/lib/python3.12/site-packages/succulence_rover_ros/occupancy_grid_mapper.py to occupancy_grid_mapper.cpython-312.pyc
byte-compiling /home/maleen/git/algorithmic-robots-world/workspace/succulence_rover_ros/install/succulence_rover_ros/lib/python3.12/site-packages/succulence_rover_ros/__init__.py to __init__.cpython-312.pyc
byte-compiling /home/maleen/git/algorithmic-robots-world/workspace/succulence_rover_ros/install/succulence_rover_ros/lib/python3.12/site-packages/succulence_rover_ros/utils.py to utils.cpython-312.pyc
byte-compiling /home/maleen/git/algorithmic-robots-world/workspace/succulence_rover_ros/install/succulence_rover_ros/lib/python3.12/site-packages/succulence_rover_ros/motion_model.py to motion_model.cpython-312.pyc
running install_data
creating /home/maleen/git/algorithmic-robots-world/workspace/succulence_rover_ros/install/succulence_rover_ros/share/ament_index
creating /home/maleen/git/algorithmic-robots-world/workspace/succulence_rover_ros/install/succulence_rover_ros/share/ament_index/resource_index
creating /home/maleen/git/algorithmic-robots-world/workspace/succulence_rover_ros/install/succulence_rover_ros/share/ament_index/resource_index/packages
copying resource/succulence_rover_ros -> /home/maleen/git/algorithmic-robots-world/workspace/succulence_rover_ros/install/succulence_rover_ros/share/ament_index/resource_index/packages
copying package.xml -> /home/maleen/git/algorithmic-robots-world/workspace/succulence_rover_ros/install/succulence_rover_ros/share/succulence_rover_ros
creating /home/maleen/git/algorithmic-robots-world/workspace/succulence_rover_ros/install/succulence_rover_ros/share/succulence_rover_ros/launch
copying launch/slam.launch.py -> /home/maleen/git/algorithmic-robots-world/workspace/succulence_rover_ros/install/succulence_rover_ros/share/succulence_rover_ros/launch
copying launch/dead_reckoning.launch.py -> /home/maleen/git/algorithmic-robots-world/workspace/succulence_rover_ros/install/succulence_rover_ros/share/succulence_rover_ros/launch
creating /home/maleen/git/algorithmic-robots-world/workspace/succulence_rover_ros/install/succulence_rover_ros/share/succulence_rover_ros/config
copying config/params.yaml -> /home/maleen/git/algorithmic-robots-world/workspace/succulence_rover_ros/install/succulence_rover_ros/share/succulence_rover_ros/config
running install_egg_info
Copying build/succulence_rover_ros/succulence_rover_ros.egg-info to /home/maleen/git/algorithmic-robots-world/workspace/succulence_rover_ros/install/succulence_rover_ros/lib/python3.12/site-packages/succulence_rover_ros-0.1.0-py3.12.egg-info
running install_scripts
Installing motion_model_node script to /home/maleen/git/algorithmic-robots-world/workspace/succulence_rover_ros/install/succulence_rover_ros/lib/succulence_rover_ros
Installing occupancy_grid_mapper_node script to /home/maleen/git/algorithmic-robots-world/workspace/succulence_rover_ros/install/succulence_rover_ros/lib/succulence_rover_ros
writing list of installed files to '/home/maleen/git/algorithmic-robots-world/workspace/succulence_rover_ros/build/succulence_rover_ros/install.log'
