[0.402s] Invoking command in '/home/maleen/git/algorithmic-robots-world/workspace/succulence_rover_ros': DEBUGINFOD_URLS=https://debuginfod.ubuntu.com PYTHONPATH=/home/maleen/git/algorithmic-robots-world/workspace/succulence_rover_ros/build/succulence_rover_ros/prefix_override:/usr/lib/python3/dist-packages/colcon_core/task/python/colcon_distutils_commands:/home/maleen/git/algorithmic-robots-world/workspace/succulence_rover_ros/install/succulence_rover_ros/lib/python3.12/site-packages:${PYTHONPATH} /usr/bin/python3 -W ignore:setup.py install is deprecated -W ignore:easy_install command is deprecated setup.py egg_info --egg-base build/succulence_rover_ros build --build-base /home/maleen/git/algorithmic-robots-world/workspace/succulence_rover_ros/build/succulence_rover_ros/build install --record /home/maleen/git/algorithmic-robots-world/workspace/succulence_rover_ros/build/succulence_rover_ros/install.log --single-version-externally-managed install_data
[0.519s] running egg_info
[0.519s] creating build/succulence_rover_ros/succulence_rover_ros.egg-info
[0.526s] writing build/succulence_rover_ros/succulence_rover_ros.egg-info/PKG-INFO
[0.526s] writing dependency_links to build/succulence_rover_ros/succulence_rover_ros.egg-info/dependency_links.txt
[0.526s] writing entry points to build/succulence_rover_ros/succulence_rover_ros.egg-info/entry_points.txt
[0.526s] writing requirements to build/succulence_rover_ros/succulence_rover_ros.egg-info/requires.txt
[0.526s] writing top-level names to build/succulence_rover_ros/succulence_rover_ros.egg-info/top_level.txt
[0.527s] writing manifest file 'build/succulence_rover_ros/succulence_rover_ros.egg-info/SOURCES.txt'
[0.542s] reading manifest file 'build/succulence_rover_ros/succulence_rover_ros.egg-info/SOURCES.txt'
[0.542s] writing manifest file 'build/succulence_rover_ros/succulence_rover_ros.egg-info/SOURCES.txt'
[0.542s] running build
[0.543s] running build_py
[0.543s] creating /home/maleen/git/algorithmic-robots-world/workspace/succulence_rover_ros/build/succulence_rover_ros/build
[0.543s] creating /home/maleen/git/algorithmic-robots-world/workspace/succulence_rover_ros/build/succulence_rover_ros/build/lib
[0.543s] creating /home/maleen/git/algorithmic-robots-world/workspace/succulence_rover_ros/build/succulence_rover_ros/build/lib/succulence_rover_ros
[0.543s] copying succulence_rover_ros/occupancy_grid_mapper.py -> /home/maleen/git/algorithmic-robots-world/workspace/succulence_rover_ros/build/succulence_rover_ros/build/lib/succulence_rover_ros
[0.543s] copying succulence_rover_ros/__init__.py -> /home/maleen/git/algorithmic-robots-world/workspace/succulence_rover_ros/build/succulence_rover_ros/build/lib/succulence_rover_ros
[0.543s] copying succulence_rover_ros/utils.py -> /home/maleen/git/algorithmic-robots-world/workspace/succulence_rover_ros/build/succulence_rover_ros/build/lib/succulence_rover_ros
[0.543s] copying succulence_rover_ros/motion_model.py -> /home/maleen/git/algorithmic-robots-world/workspace/succulence_rover_ros/build/succulence_rover_ros/build/lib/succulence_rover_ros
[0.543s] running install
[0.546s] running install_lib
[0.554s] creating /home/maleen/git/algorithmic-robots-world/workspace/succulence_rover_ros/install/succulence_rover_ros/lib/python3.12/site-packages/succulence_rover_ros
[0.554s] copying /home/maleen/git/algorithmic-robots-world/workspace/succulence_rover_ros/build/succulence_rover_ros/build/lib/succulence_rover_ros/occupancy_grid_mapper.py -> /home/maleen/git/algorithmic-robots-world/workspace/succulence_rover_ros/install/succulence_rover_ros/lib/python3.12/site-packages/succulence_rover_ros
[0.554s] copying /home/maleen/git/algorithmic-robots-world/workspace/succulence_rover_ros/build/succulence_rover_ros/build/lib/succulence_rover_ros/__init__.py -> /home/maleen/git/algorithmic-robots-world/workspace/succulence_rover_ros/install/succulence_rover_ros/lib/python3.12/site-packages/succulence_rover_ros
[0.554s] copying /home/maleen/git/algorithmic-robots-world/workspace/succulence_rover_ros/build/succulence_rover_ros/build/lib/succulence_rover_ros/utils.py -> /home/maleen/git/algorithmic-robots-world/workspace/succulence_rover_ros/install/succulence_rover_ros/lib/python3.12/site-packages/succulence_rover_ros
[0.554s] copying /home/maleen/git/algorithmic-robots-world/workspace/succulence_rover_ros/build/succulence_rover_ros/build/lib/succulence_rover_ros/motion_model.py -> /home/maleen/git/algorithmic-robots-world/workspace/succulence_rover_ros/install/succulence_rover_ros/lib/python3.12/site-packages/succulence_rover_ros
[0.554s] byte-compiling /home/maleen/git/algorithmic-robots-world/workspace/succulence_rover_ros/install/succulence_rover_ros/lib/python3.12/site-packages/succulence_rover_ros/occupancy_grid_mapper.py to occupancy_grid_mapper.cpython-312.pyc
[0.556s] byte-compiling /home/maleen/git/algorithmic-robots-world/workspace/succulence_rover_ros/install/succulence_rover_ros/lib/python3.12/site-packages/succulence_rover_ros/__init__.py to __init__.cpython-312.pyc
[0.556s] byte-compiling /home/maleen/git/algorithmic-robots-world/workspace/succulence_rover_ros/install/succulence_rover_ros/lib/python3.12/site-packages/succulence_rover_ros/utils.py to utils.cpython-312.pyc
[0.557s] byte-compiling /home/maleen/git/algorithmic-robots-world/workspace/succulence_rover_ros/install/succulence_rover_ros/lib/python3.12/site-packages/succulence_rover_ros/motion_model.py to motion_model.cpython-312.pyc
[0.558s] running install_data
[0.558s] creating /home/maleen/git/algorithmic-robots-world/workspace/succulence_rover_ros/install/succulence_rover_ros/share/ament_index
[0.558s] creating /home/maleen/git/algorithmic-robots-world/workspace/succulence_rover_ros/install/succulence_rover_ros/share/ament_index/resource_index
[0.558s] creating /home/maleen/git/algorithmic-robots-world/workspace/succulence_rover_ros/install/succulence_rover_ros/share/ament_index/resource_index/packages
[0.558s] copying resource/succulence_rover_ros -> /home/maleen/git/algorithmic-robots-world/workspace/succulence_rover_ros/install/succulence_rover_ros/share/ament_index/resource_index/packages
[0.558s] copying package.xml -> /home/maleen/git/algorithmic-robots-world/workspace/succulence_rover_ros/install/succulence_rover_ros/share/succulence_rover_ros
[0.558s] creating /home/maleen/git/algorithmic-robots-world/workspace/succulence_rover_ros/install/succulence_rover_ros/share/succulence_rover_ros/launch
[0.558s] copying launch/slam.launch.py -> /home/maleen/git/algorithmic-robots-world/workspace/succulence_rover_ros/install/succulence_rover_ros/share/succulence_rover_ros/launch
[0.558s] copying launch/dead_reckoning.launch.py -> /home/maleen/git/algorithmic-robots-world/workspace/succulence_rover_ros/install/succulence_rover_ros/share/succulence_rover_ros/launch
[0.558s] creating /home/maleen/git/algorithmic-robots-world/workspace/succulence_rover_ros/install/succulence_rover_ros/share/succulence_rover_ros/config
[0.558s] copying config/params.yaml -> /home/maleen/git/algorithmic-robots-world/workspace/succulence_rover_ros/install/succulence_rover_ros/share/succulence_rover_ros/config
[0.558s] running install_egg_info
[0.566s] Copying build/succulence_rover_ros/succulence_rover_ros.egg-info to /home/maleen/git/algorithmic-robots-world/workspace/succulence_rover_ros/install/succulence_rover_ros/lib/python3.12/site-packages/succulence_rover_ros-0.1.0-py3.12.egg-info
[0.566s] running install_scripts
[0.625s] Installing motion_model_node script to /home/maleen/git/algorithmic-robots-world/workspace/succulence_rover_ros/install/succulence_rover_ros/lib/succulence_rover_ros
[0.625s] Installing occupancy_grid_mapper_node script to /home/maleen/git/algorithmic-robots-world/workspace/succulence_rover_ros/install/succulence_rover_ros/lib/succulence_rover_ros
[0.625s] writing list of installed files to '/home/maleen/git/algorithmic-robots-world/workspace/succulence_rover_ros/build/succulence_rover_ros/install.log'
[0.648s] Invoked command in '/home/maleen/git/algorithmic-robots-world/workspace/succulence_rover_ros' returned '0': DEBUGINFOD_URLS=https://debuginfod.ubuntu.com PYTHONPATH=/home/maleen/git/algorithmic-robots-world/workspace/succulence_rover_ros/build/succulence_rover_ros/prefix_override:/usr/lib/python3/dist-packages/colcon_core/task/python/colcon_distutils_commands:/home/maleen/git/algorithmic-robots-world/workspace/succulence_rover_ros/install/succulence_rover_ros/lib/python3.12/site-packages:${PYTHONPATH} /usr/bin/python3 -W ignore:setup.py install is deprecated -W ignore:easy_install command is deprecated setup.py egg_info --egg-base build/succulence_rover_ros build --build-base /home/maleen/git/algorithmic-robots-world/workspace/succulence_rover_ros/build/succulence_rover_ros/build install --record /home/maleen/git/algorithmic-robots-world/workspace/succulence_rover_ros/build/succulence_rover_ros/install.log --single-version-externally-managed install_data
