[0.382s] Invoking command in '/home/hugh/algorithmic-robots-world/workspace/succulence_ws/src/succulence_rover_ros': DEBUGINFOD_URLS=https://debuginfod.ubuntu.com PYTHONPATH=/home/hugh/algorithmic-robots-world/workspace/succulence_ws/build/succulence_rover_ros/prefix_override:/usr/lib/python3/dist-packages/colcon_core/task/python/colcon_distutils_commands:/home/hugh/algorithmic-robots-world/workspace/succulence_ws/install/lib/python3.12/site-packages:${PYTHONPATH} /usr/bin/python3 -W ignore:setup.py install is deprecated -W ignore:easy_install command is deprecated setup.py egg_info --egg-base ../../build/succulence_rover_ros build --build-base /home/hugh/algorithmic-robots-world/workspace/succulence_ws/build/succulence_rover_ros/build install --record /home/hugh/algorithmic-robots-world/workspace/succulence_ws/build/succulence_rover_ros/install.log --single-version-externally-managed install_data
[0.508s] running egg_info
[0.517s] writing ../../build/succulence_rover_ros/succulence_rover_ros.egg-info/PKG-INFO
[0.517s] writing dependency_links to ../../build/succulence_rover_ros/succulence_rover_ros.egg-info/dependency_links.txt
[0.518s] writing entry points to ../../build/succulence_rover_ros/succulence_rover_ros.egg-info/entry_points.txt
[0.518s] writing requirements to ../../build/succulence_rover_ros/succulence_rover_ros.egg-info/requires.txt
[0.518s] writing top-level names to ../../build/succulence_rover_ros/succulence_rover_ros.egg-info/top_level.txt
[0.535s] reading manifest file '../../build/succulence_rover_ros/succulence_rover_ros.egg-info/SOURCES.txt'
[0.536s] writing manifest file '../../build/succulence_rover_ros/succulence_rover_ros.egg-info/SOURCES.txt'
[0.536s] running build
[0.536s] running build_py
[0.536s] running install
[0.539s] running install_lib
[0.548s] running install_data
[0.548s] running install_egg_info
[0.557s] removing '/home/hugh/algorithmic-robots-world/workspace/succulence_ws/install/lib/python3.12/site-packages/succulence_rover_ros-0.1.0-py3.12.egg-info' (and everything under it)
[0.558s] Copying ../../build/succulence_rover_ros/succulence_rover_ros.egg-info to /home/hugh/algorithmic-robots-world/workspace/succulence_ws/install/lib/python3.12/site-packages/succulence_rover_ros-0.1.0-py3.12.egg-info
[0.558s] running install_scripts
[0.618s] Installing motion_model_node script to /home/hugh/algorithmic-robots-world/workspace/succulence_ws/install/lib/succulence_rover_ros
[0.618s] Installing occupancy_grid_mapper_node script to /home/hugh/algorithmic-robots-world/workspace/succulence_ws/install/lib/succulence_rover_ros
[0.618s] writing list of installed files to '/home/hugh/algorithmic-robots-world/workspace/succulence_ws/build/succulence_rover_ros/install.log'
[0.632s] Invoked command in '/home/hugh/algorithmic-robots-world/workspace/succulence_ws/src/succulence_rover_ros' returned '0': DEBUGINFOD_URLS=https://debuginfod.ubuntu.com PYTHONPATH=/home/hugh/algorithmic-robots-world/workspace/succulence_ws/build/succulence_rover_ros/prefix_override:/usr/lib/python3/dist-packages/colcon_core/task/python/colcon_distutils_commands:/home/hugh/algorithmic-robots-world/workspace/succulence_ws/install/lib/python3.12/site-packages:${PYTHONPATH} /usr/bin/python3 -W ignore:setup.py install is deprecated -W ignore:easy_install command is deprecated setup.py egg_info --egg-base ../../build/succulence_rover_ros build --build-base /home/hugh/algorithmic-robots-world/workspace/succulence_ws/build/succulence_rover_ros/build install --record /home/hugh/algorithmic-robots-world/workspace/succulence_ws/build/succulence_rover_ros/install.log --single-version-externally-managed install_data
