[0.412s] Invoking command in '/workspace/succulence_ws/build/succulence_rover_ros': PYTHONPATH=/workspace/succulence_ws/build/succulence_rover_ros/prefix_override:/usr/lib/python3/dist-packages/colcon_core/task/python/colcon_distutils_commands:/workspace/succulence_ws/install/succulence_rover_ros/lib/python3.12/site-packages:${PYTHONPATH} /usr/bin/python3 -W ignore:setup.py install is deprecated -W ignore:easy_install command is deprecated setup.py develop --uninstall --editable --build-directory /workspace/succulence_ws/build/succulence_rover_ros/build
[0.581s] running develop
[0.678s] Removing /workspace/succulence_ws/install/succulence_rover_ros/lib/python3.12/site-packages/succulence-rover-ros.egg-link (link to .)
[0.693s] Invoked command in '/workspace/succulence_ws/build/succulence_rover_ros' returned '0': PYTHONPATH=/workspace/succulence_ws/build/succulence_rover_ros/prefix_override:/usr/lib/python3/dist-packages/colcon_core/task/python/colcon_distutils_commands:/workspace/succulence_ws/install/succulence_rover_ros/lib/python3.12/site-packages:${PYTHONPATH} /usr/bin/python3 -W ignore:setup.py install is deprecated -W ignore:easy_install command is deprecated setup.py develop --uninstall --editable --build-directory /workspace/succulence_ws/build/succulence_rover_ros/build
[0.694s] Invoking command in '/workspace/succulence_ws/src/succulence_rover_ros': PYTHONPATH=/workspace/succulence_ws/build/succulence_rover_ros/prefix_override:/usr/lib/python3/dist-packages/colcon_core/task/python/colcon_distutils_commands:/workspace/succulence_ws/install/succulence_rover_ros/lib/python3.12/site-packages:${PYTHONPATH} /usr/bin/python3 -W ignore:setup.py install is deprecated -W ignore:easy_install command is deprecated setup.py egg_info --egg-base ../../build/succulence_rover_ros build --build-base /workspace/succulence_ws/build/succulence_rover_ros/build install --record /workspace/succulence_ws/build/succulence_rover_ros/install.log --single-version-externally-managed install_data --force
[0.832s] running egg_info
[0.841s] writing ../../build/succulence_rover_ros/succulence_rover_ros.egg-info/PKG-INFO
[0.841s] writing dependency_links to ../../build/succulence_rover_ros/succulence_rover_ros.egg-info/dependency_links.txt
[0.842s] writing entry points to ../../build/succulence_rover_ros/succulence_rover_ros.egg-info/entry_points.txt
[0.842s] writing requirements to ../../build/succulence_rover_ros/succulence_rover_ros.egg-info/requires.txt
[0.842s] writing top-level names to ../../build/succulence_rover_ros/succulence_rover_ros.egg-info/top_level.txt
[0.860s] reading manifest file '../../build/succulence_rover_ros/succulence_rover_ros.egg-info/SOURCES.txt'
[0.861s] writing manifest file '../../build/succulence_rover_ros/succulence_rover_ros.egg-info/SOURCES.txt'
[0.861s] running build
[0.861s] running build_py
[0.861s] copying succulence_rover_ros/astar.py -> /workspace/succulence_ws/build/succulence_rover_ros/build/lib/succulence_rover_ros
[0.862s] running install
[0.866s] running install_lib
[0.875s] creating /workspace/succulence_ws/install/succulence_rover_ros/lib/python3.12/site-packages/succulence_rover_ros
[0.875s] copying /workspace/succulence_ws/build/succulence_rover_ros/build/lib/succulence_rover_ros/slam_node_lab08.py -> /workspace/succulence_ws/install/succulence_rover_ros/lib/python3.12/site-packages/succulence_rover_ros
[0.875s] copying /workspace/succulence_ws/build/succulence_rover_ros/build/lib/succulence_rover_ros/__init__.py -> /workspace/succulence_ws/install/succulence_rover_ros/lib/python3.12/site-packages/succulence_rover_ros
[0.876s] copying /workspace/succulence_ws/build/succulence_rover_ros/build/lib/succulence_rover_ros/slam_node.py -> /workspace/succulence_ws/install/succulence_rover_ros/lib/python3.12/site-packages/succulence_rover_ros
[0.876s] copying /workspace/succulence_ws/build/succulence_rover_ros/build/lib/succulence_rover_ros/planner_node.py -> /workspace/succulence_ws/install/succulence_rover_ros/lib/python3.12/site-packages/succulence_rover_ros
[0.876s] copying /workspace/succulence_ws/build/succulence_rover_ros/build/lib/succulence_rover_ros/graph_optimizer.py -> /workspace/succulence_ws/install/succulence_rover_ros/lib/python3.12/site-packages/succulence_rover_ros
[0.876s] copying /workspace/succulence_ws/build/succulence_rover_ros/build/lib/succulence_rover_ros/scan_matcher.py -> /workspace/succulence_ws/install/succulence_rover_ros/lib/python3.12/site-packages/succulence_rover_ros
[0.876s] copying /workspace/succulence_ws/build/succulence_rover_ros/build/lib/succulence_rover_ros/occupancy_grid_mapper.py -> /workspace/succulence_ws/install/succulence_rover_ros/lib/python3.12/site-packages/succulence_rover_ros
[0.876s] copying /workspace/succulence_ws/build/succulence_rover_ros/build/lib/succulence_rover_ros/path_follower.py -> /workspace/succulence_ws/install/succulence_rover_ros/lib/python3.12/site-packages/succulence_rover_ros
[0.876s] copying /workspace/succulence_ws/build/succulence_rover_ros/build/lib/succulence_rover_ros/navigator_node.py -> /workspace/succulence_ws/install/succulence_rover_ros/lib/python3.12/site-packages/succulence_rover_ros
[0.876s] copying /workspace/succulence_ws/build/succulence_rover_ros/build/lib/succulence_rover_ros/pose_graph.py -> /workspace/succulence_ws/install/succulence_rover_ros/lib/python3.12/site-packages/succulence_rover_ros
[0.876s] copying /workspace/succulence_ws/build/succulence_rover_ros/build/lib/succulence_rover_ros/astar.py -> /workspace/succulence_ws/install/succulence_rover_ros/lib/python3.12/site-packages/succulence_rover_ros
[0.876s] copying /workspace/succulence_ws/build/succulence_rover_ros/build/lib/succulence_rover_ros/slam_node_lab09.py -> /workspace/succulence_ws/install/succulence_rover_ros/lib/python3.12/site-packages/succulence_rover_ros
[0.877s] copying /workspace/succulence_ws/build/succulence_rover_ros/build/lib/succulence_rover_ros/utils.py -> /workspace/succulence_ws/install/succulence_rover_ros/lib/python3.12/site-packages/succulence_rover_ros
[0.877s] copying /workspace/succulence_ws/build/succulence_rover_ros/build/lib/succulence_rover_ros/motion_model.py -> /workspace/succulence_ws/install/succulence_rover_ros/lib/python3.12/site-packages/succulence_rover_ros
[0.877s] byte-compiling /workspace/succulence_ws/install/succulence_rover_ros/lib/python3.12/site-packages/succulence_rover_ros/slam_node_lab08.py to slam_node_lab08.cpython-312.pyc
[0.878s] byte-compiling /workspace/succulence_ws/install/succulence_rover_ros/lib/python3.12/site-packages/succulence_rover_ros/__init__.py to __init__.cpython-312.pyc
[0.878s] byte-compiling /workspace/succulence_ws/install/succulence_rover_ros/lib/python3.12/site-packages/succulence_rover_ros/slam_node.py to slam_node.cpython-312.pyc
[0.881s] byte-compiling /workspace/succulence_ws/install/succulence_rover_ros/lib/python3.12/site-packages/succulence_rover_ros/planner_node.py to planner_node.cpython-312.pyc
[0.882s] byte-compiling /workspace/succulence_ws/install/succulence_rover_ros/lib/python3.12/site-packages/succulence_rover_ros/graph_optimizer.py to graph_optimizer.cpython-312.pyc
[0.882s] byte-compiling /workspace/succulence_ws/install/succulence_rover_ros/lib/python3.12/site-packages/succulence_rover_ros/scan_matcher.py to scan_matcher.cpython-312.pyc
[0.883s] byte-compiling /workspace/succulence_ws/install/succulence_rover_ros/lib/python3.12/site-packages/succulence_rover_ros/occupancy_grid_mapper.py to occupancy_grid_mapper.cpython-312.pyc
[0.885s] byte-compiling /workspace/succulence_ws/install/succulence_rover_ros/lib/python3.12/site-packages/succulence_rover_ros/path_follower.py to path_follower.cpython-312.pyc
[0.885s] byte-compiling /workspace/succulence_ws/install/succulence_rover_ros/lib/python3.12/site-packages/succulence_rover_ros/navigator_node.py to navigator_node.cpython-312.pyc
[0.886s] byte-compiling /workspace/succulence_ws/install/succulence_rover_ros/lib/python3.12/site-packages/succulence_rover_ros/pose_graph.py to pose_graph.cpython-312.pyc
[0.887s] byte-compiling /workspace/succulence_ws/install/succulence_rover_ros/lib/python3.12/site-packages/succulence_rover_ros/astar.py to astar.cpython-312.pyc
[0.887s] byte-compiling /workspace/succulence_ws/install/succulence_rover_ros/lib/python3.12/site-packages/succulence_rover_ros/slam_node_lab09.py to slam_node_lab09.cpython-312.pyc
[0.889s] byte-compiling /workspace/succulence_ws/install/succulence_rover_ros/lib/python3.12/site-packages/succulence_rover_ros/utils.py to utils.cpython-312.pyc
[0.890s] byte-compiling /workspace/succulence_ws/install/succulence_rover_ros/lib/python3.12/site-packages/succulence_rover_ros/motion_model.py to motion_model.cpython-312.pyc
[0.891s] running install_data
[0.891s] copying resource/succulence_rover_ros -> /workspace/succulence_ws/install/succulence_rover_ros/share/ament_index/resource_index/packages
[0.891s] copying package.xml -> /workspace/succulence_ws/install/succulence_rover_ros/share/succulence_rover_ros
[0.891s] copying launch/dead_reckoning_physical.launch.py -> /workspace/succulence_ws/install/succulence_rover_ros/share/succulence_rover_ros/launch
[0.891s] copying launch/dead_reckoning_sim.launch.py -> /workspace/succulence_ws/install/succulence_rover_ros/share/succulence_rover_ros/launch
[0.892s] copying launch/mission_physical.launch.py -> /workspace/succulence_ws/install/succulence_rover_ros/share/succulence_rover_ros/launch
[0.892s] copying launch/slam_sim.launch.py -> /workspace/succulence_ws/install/succulence_rover_ros/share/succulence_rover_ros/launch
[0.892s] copying launch/mission_sim.launch.py -> /workspace/succulence_ws/install/succulence_rover_ros/share/succulence_rover_ros/launch
[0.892s] copying launch/mission.launch.py -> /workspace/succulence_ws/install/succulence_rover_ros/share/succulence_rover_ros/launch
[0.892s] copying launch/dead_reckoning.launch.py -> /workspace/succulence_ws/install/succulence_rover_ros/share/succulence_rover_ros/launch
[0.892s] copying launch/slam_physical.launch.py -> /workspace/succulence_ws/install/succulence_rover_ros/share/succulence_rover_ros/launch
[0.892s] copying launch/slam.launch.py -> /workspace/succulence_ws/install/succulence_rover_ros/share/succulence_rover_ros/launch
[0.892s] copying config/params_physical.yaml -> /workspace/succulence_ws/install/succulence_rover_ros/share/succulence_rover_ros/config
[0.892s] copying config/params.yaml -> /workspace/succulence_ws/install/succulence_rover_ros/share/succulence_rover_ros/config
[0.892s] copying config/params_sim.yaml -> /workspace/succulence_ws/install/succulence_rover_ros/share/succulence_rover_ros/config
[0.892s] copying config/succulance.rviz -> /workspace/succulence_ws/install/succulence_rover_ros/share/succulence_rover_ros/config
[0.893s] copying config/succulance_slam.rviz -> /workspace/succulence_ws/install/succulence_rover_ros/share/succulence_rover_ros/config
[0.893s] running install_egg_info
[0.902s] Copying ../../build/succulence_rover_ros/succulence_rover_ros.egg-info to /workspace/succulence_ws/install/succulence_rover_ros/lib/python3.12/site-packages/succulence_rover_ros-0.1.0-py3.12.egg-info
[0.902s] running install_scripts
[0.973s] Installing motion_model_node script to /workspace/succulence_ws/install/succulence_rover_ros/lib/succulence_rover_ros
[0.973s] Installing navigator_node script to /workspace/succulence_ws/install/succulence_rover_ros/lib/succulence_rover_ros
[0.973s] Installing occupancy_grid_mapper_node script to /workspace/succulence_ws/install/succulence_rover_ros/lib/succulence_rover_ros
[0.973s] Installing planner_node script to /workspace/succulence_ws/install/succulence_rover_ros/lib/succulence_rover_ros
[0.974s] Installing slam_node script to /workspace/succulence_ws/install/succulence_rover_ros/lib/succulence_rover_ros
[0.974s] writing list of installed files to '/workspace/succulence_ws/build/succulence_rover_ros/install.log'
[0.988s] Invoked command in '/workspace/succulence_ws/src/succulence_rover_ros' returned '0': PYTHONPATH=/workspace/succulence_ws/build/succulence_rover_ros/prefix_override:/usr/lib/python3/dist-packages/colcon_core/task/python/colcon_distutils_commands:/workspace/succulence_ws/install/succulence_rover_ros/lib/python3.12/site-packages:${PYTHONPATH} /usr/bin/python3 -W ignore:setup.py install is deprecated -W ignore:easy_install command is deprecated setup.py egg_info --egg-base ../../build/succulence_rover_ros build --build-base /workspace/succulence_ws/build/succulence_rover_ros/build install --record /workspace/succulence_ws/build/succulence_rover_ros/install.log --single-version-externally-managed install_data --force
