running develop
running egg_info
writing succulence_rover_ros.egg-info/PKG-INFO
writing dependency_links to succulence_rover_ros.egg-info/dependency_links.txt
writing entry points to succulence_rover_ros.egg-info/entry_points.txt
writing requirements to succulence_rover_ros.egg-info/requires.txt
writing top-level names to succulence_rover_ros.egg-info/top_level.txt
reading manifest file 'succulence_rover_ros.egg-info/SOURCES.txt'
writing manifest file 'succulence_rover_ros.egg-info/SOURCES.txt'
running build_ext
Creating /workspace/succulence_ws/install/succulence_rover_ros/lib/python3.12/site-packages/succulence-rover-ros.egg-link (link to .)
Installing motion_model_node script to /workspace/succulence_ws/install/succulence_rover_ros/lib/succulence_rover_ros
Installing navigator_node script to /workspace/succulence_ws/install/succulence_rover_ros/lib/succulence_rover_ros
Installing occupancy_grid_mapper_node script to /workspace/succulence_ws/install/succulence_rover_ros/lib/succulence_rover_ros
Installing planner_node script to /workspace/succulence_ws/install/succulence_rover_ros/lib/succulence_rover_ros
Installing slam_node script to /workspace/succulence_ws/install/succulence_rover_ros/lib/succulence_rover_ros

Installed /workspace/succulence_ws/build/succulence_rover_ros
running symlink_data
symbolically linking /workspace/succulence_ws/build/succulence_rover_ros/resource/succulence_rover_ros -> /workspace/succulence_ws/install/succulence_rover_ros/share/ament_index/resource_index/packages
symbolically linking /workspace/succulence_ws/build/succulence_rover_ros/package.xml -> /workspace/succulence_ws/install/succulence_rover_ros/share/succulence_rover_ros
symbolically linking /workspace/succulence_ws/build/succulence_rover_ros/launch/dead_reckoning_physical.launch.py -> /workspace/succulence_ws/install/succulence_rover_ros/share/succulence_rover_ros/launch
symbolically linking /workspace/succulence_ws/build/succulence_rover_ros/launch/dead_reckoning_sim.launch.py -> /workspace/succulence_ws/install/succulence_rover_ros/share/succulence_rover_ros/launch
symbolically linking /workspace/succulence_ws/build/succulence_rover_ros/launch/mission_physical.launch.py -> /workspace/succulence_ws/install/succulence_rover_ros/share/succulence_rover_ros/launch
symbolically linking /workspace/succulence_ws/build/succulence_rover_ros/launch/slam_sim.launch.py -> /workspace/succulence_ws/install/succulence_rover_ros/share/succulence_rover_ros/launch
symbolically linking /workspace/succulence_ws/build/succulence_rover_ros/launch/mission_sim.launch.py -> /workspace/succulence_ws/install/succulence_rover_ros/share/succulence_rover_ros/launch
symbolically linking /workspace/succulence_ws/build/succulence_rover_ros/launch/mission.launch.py -> /workspace/succulence_ws/install/succulence_rover_ros/share/succulence_rover_ros/launch
symbolically linking /workspace/succulence_ws/build/succulence_rover_ros/launch/dead_reckoning.launch.py -> /workspace/succulence_ws/install/succulence_rover_ros/share/succulence_rover_ros/launch
symbolically linking /workspace/succulence_ws/build/succulence_rover_ros/launch/slam_physical.launch.py -> /workspace/succulence_ws/install/succulence_rover_ros/share/succulence_rover_ros/launch
symbolically linking /workspace/succulence_ws/build/succulence_rover_ros/launch/slam.launch.py -> /workspace/succulence_ws/install/succulence_rover_ros/share/succulence_rover_ros/launch
symbolically linking /workspace/succulence_ws/build/succulence_rover_ros/config/params_physical.yaml -> /workspace/succulence_ws/install/succulence_rover_ros/share/succulence_rover_ros/config
symbolically linking /workspace/succulence_ws/build/succulence_rover_ros/config/params.yaml -> /workspace/succulence_ws/install/succulence_rover_ros/share/succulence_rover_ros/config
symbolically linking /workspace/succulence_ws/build/succulence_rover_ros/config/params_sim.yaml -> /workspace/succulence_ws/install/succulence_rover_ros/share/succulence_rover_ros/config
symbolically linking /workspace/succulence_ws/build/succulence_rover_ros/config/succulance.rviz -> /workspace/succulence_ws/install/succulence_rover_ros/share/succulence_rover_ros/config
symbolically linking /workspace/succulence_ws/build/succulence_rover_ros/config/succulance_slam.rviz -> /workspace/succulence_ws/install/succulence_rover_ros/share/succulence_rover_ros/config
