[0.441s] Invoking command in '/workspace/succulence_ws/build/succulence_rover_ros': PYTHONPATH=/workspace/succulence_ws/build/succulence_rover_ros/prefix_override:/usr/lib/python3/dist-packages/colcon_core/task/python/colcon_distutils_commands:/workspace/succulence_ws/install/succulence_rover_ros/lib/python3.12/site-packages:${PYTHONPATH} /usr/bin/python3 -W ignore:setup.py install is deprecated -W ignore:easy_install command is deprecated setup.py develop --editable --build-directory /workspace/succulence_ws/build/succulence_rover_ros/build --no-deps symlink_data --force
[0.622s] running develop
[0.720s] running egg_info
[0.730s] writing succulence_rover_ros.egg-info/PKG-INFO
[0.730s] writing dependency_links to succulence_rover_ros.egg-info/dependency_links.txt
[0.730s] writing entry points to succulence_rover_ros.egg-info/entry_points.txt
[0.730s] writing requirements to succulence_rover_ros.egg-info/requires.txt
[0.730s] writing top-level names to succulence_rover_ros.egg-info/top_level.txt
[0.749s] reading manifest file 'succulence_rover_ros.egg-info/SOURCES.txt'
[0.750s] writing manifest file 'succulence_rover_ros.egg-info/SOURCES.txt'
[0.760s] running build_ext
[0.760s] Creating /workspace/succulence_ws/install/succulence_rover_ros/lib/python3.12/site-packages/succulence-rover-ros.egg-link (link to .)
[0.760s] Installing motion_model_node script to /workspace/succulence_ws/install/succulence_rover_ros/lib/succulence_rover_ros
[0.761s] Installing navigator_node script to /workspace/succulence_ws/install/succulence_rover_ros/lib/succulence_rover_ros
[0.761s] Installing occupancy_grid_mapper_node script to /workspace/succulence_ws/install/succulence_rover_ros/lib/succulence_rover_ros
[0.761s] Installing planner_node script to /workspace/succulence_ws/install/succulence_rover_ros/lib/succulence_rover_ros
[0.761s] Installing slam_node script to /workspace/succulence_ws/install/succulence_rover_ros/lib/succulence_rover_ros
[0.761s] 
[0.761s] Installed /workspace/succulence_ws/build/succulence_rover_ros
[0.761s] running symlink_data
[0.762s] symbolically linking /workspace/succulence_ws/build/succulence_rover_ros/resource/succulence_rover_ros -> /workspace/succulence_ws/install/succulence_rover_ros/share/ament_index/resource_index/packages
[0.762s] symbolically linking /workspace/succulence_ws/build/succulence_rover_ros/package.xml -> /workspace/succulence_ws/install/succulence_rover_ros/share/succulence_rover_ros
[0.762s] symbolically linking /workspace/succulence_ws/build/succulence_rover_ros/launch/dead_reckoning_physical.launch.py -> /workspace/succulence_ws/install/succulence_rover_ros/share/succulence_rover_ros/launch
[0.762s] symbolically linking /workspace/succulence_ws/build/succulence_rover_ros/launch/dead_reckoning_sim.launch.py -> /workspace/succulence_ws/install/succulence_rover_ros/share/succulence_rover_ros/launch
[0.762s] symbolically linking /workspace/succulence_ws/build/succulence_rover_ros/launch/mission_physical.launch.py -> /workspace/succulence_ws/install/succulence_rover_ros/share/succulence_rover_ros/launch
[0.762s] symbolically linking /workspace/succulence_ws/build/succulence_rover_ros/launch/slam_sim.launch.py -> /workspace/succulence_ws/install/succulence_rover_ros/share/succulence_rover_ros/launch
[0.762s] symbolically linking /workspace/succulence_ws/build/succulence_rover_ros/launch/mission_sim.launch.py -> /workspace/succulence_ws/install/succulence_rover_ros/share/succulence_rover_ros/launch
[0.762s] symbolically linking /workspace/succulence_ws/build/succulence_rover_ros/launch/mission.launch.py -> /workspace/succulence_ws/install/succulence_rover_ros/share/succulence_rover_ros/launch
[0.762s] symbolically linking /workspace/succulence_ws/build/succulence_rover_ros/launch/dead_reckoning.launch.py -> /workspace/succulence_ws/install/succulence_rover_ros/share/succulence_rover_ros/launch
[0.762s] symbolically linking /workspace/succulence_ws/build/succulence_rover_ros/launch/slam_physical.launch.py -> /workspace/succulence_ws/install/succulence_rover_ros/share/succulence_rover_ros/launch
[0.762s] symbolically linking /workspace/succulence_ws/build/succulence_rover_ros/launch/slam.launch.py -> /workspace/succulence_ws/install/succulence_rover_ros/share/succulence_rover_ros/launch
[0.763s] symbolically linking /workspace/succulence_ws/build/succulence_rover_ros/config/params_physical.yaml -> /workspace/succulence_ws/install/succulence_rover_ros/share/succulence_rover_ros/config
[0.763s] symbolically linking /workspace/succulence_ws/build/succulence_rover_ros/config/params.yaml -> /workspace/succulence_ws/install/succulence_rover_ros/share/succulence_rover_ros/config
[0.763s] symbolically linking /workspace/succulence_ws/build/succulence_rover_ros/config/params_sim.yaml -> /workspace/succulence_ws/install/succulence_rover_ros/share/succulence_rover_ros/config
[0.763s] symbolically linking /workspace/succulence_ws/build/succulence_rover_ros/config/succulance.rviz -> /workspace/succulence_ws/install/succulence_rover_ros/share/succulence_rover_ros/config
[0.763s] symbolically linking /workspace/succulence_ws/build/succulence_rover_ros/config/succulance_slam.rviz -> /workspace/succulence_ws/install/succulence_rover_ros/share/succulence_rover_ros/config
[0.779s] Invoked command in '/workspace/succulence_ws/build/succulence_rover_ros' returned '0': PYTHONPATH=/workspace/succulence_ws/build/succulence_rover_ros/prefix_override:/usr/lib/python3/dist-packages/colcon_core/task/python/colcon_distutils_commands:/workspace/succulence_ws/install/succulence_rover_ros/lib/python3.12/site-packages:${PYTHONPATH} /usr/bin/python3 -W ignore:setup.py install is deprecated -W ignore:easy_install command is deprecated setup.py develop --editable --build-directory /workspace/succulence_ws/build/succulence_rover_ros/build --no-deps symlink_data --force
