[0.358s] Invoking command in '/home/maleen/git/algorithmic-robots-world/workspace/succulence_rover_ros': DEBUGINFOD_URLS=https://debuginfod.ubuntu.com PYTHONPATH=/home/maleen/git/algorithmic-robots-world/workspace/succulence_rover_ros/build/succulence_rover_ros/prefix_override:/usr/lib/python3/dist-packages/colcon_core/task/python/colcon_distutils_commands:/home/maleen/git/algorithmic-robots-world/workspace/succulence_rover_ros/install/succulence_rover_ros/lib/python3.12/site-packages:${PYTHONPATH} /usr/bin/python3 -W ignore:setup.py install is deprecated -W ignore:easy_install command is deprecated setup.py egg_info --egg-base build/succulence_rover_ros build --build-base /home/maleen/git/algorithmic-robots-world/workspace/succulence_rover_ros/build/succulence_rover_ros/build install --record /home/maleen/git/algorithmic-robots-world/workspace/succulence_rover_ros/build/succulence_rover_ros/install.log --single-version-externally-managed install_data
[0.480s] running egg_info
[0.487s] writing build/succulence_rover_ros/succulence_rover_ros.egg-info/PKG-INFO
[0.487s] writing dependency_links to build/succulence_rover_ros/succulence_rover_ros.egg-info/dependency_links.txt
[0.487s] writing entry points to build/succulence_rover_ros/succulence_rover_ros.egg-info/entry_points.txt
[0.487s] writing requirements to build/succulence_rover_ros/succulence_rover_ros.egg-info/requires.txt
[0.487s] writing top-level names to build/succulence_rover_ros/succulence_rover_ros.egg-info/top_level.txt
[0.502s] reading manifest file 'build/succulence_rover_ros/succulence_rover_ros.egg-info/SOURCES.txt'
[0.503s] writing manifest file 'build/succulence_rover_ros/succulence_rover_ros.egg-info/SOURCES.txt'
[0.503s] running build
[0.503s] running build_py
[0.503s] copying succulence_rover_ros/motion_model.py -> /home/maleen/git/algorithmic-robots-world/workspace/succulence_rover_ros/build/succulence_rover_ros/build/lib/succulence_rover_ros
[0.504s] running install
[0.507s] running install_lib
[0.515s] copying /home/maleen/git/algorithmic-robots-world/workspace/succulence_rover_ros/build/succulence_rover_ros/build/lib/succulence_rover_ros/motion_model.py -> /home/maleen/git/algorithmic-robots-world/workspace/succulence_rover_ros/install/succulence_rover_ros/lib/python3.12/site-packages/succulence_rover_ros
[0.515s] byte-compiling /home/maleen/git/algorithmic-robots-world/workspace/succulence_rover_ros/install/succulence_rover_ros/lib/python3.12/site-packages/succulence_rover_ros/motion_model.py to motion_model.cpython-312.pyc
[0.516s] running install_data
[0.516s] running install_egg_info
[0.524s] removing '/home/maleen/git/algorithmic-robots-world/workspace/succulence_rover_ros/install/succulence_rover_ros/lib/python3.12/site-packages/succulence_rover_ros-0.1.0-py3.12.egg-info' (and everything under it)
[0.525s] Copying build/succulence_rover_ros/succulence_rover_ros.egg-info to /home/maleen/git/algorithmic-robots-world/workspace/succulence_rover_ros/install/succulence_rover_ros/lib/python3.12/site-packages/succulence_rover_ros-0.1.0-py3.12.egg-info
[0.525s] running install_scripts
[0.579s] Installing motion_model_node script to /home/maleen/git/algorithmic-robots-world/workspace/succulence_rover_ros/install/succulence_rover_ros/lib/succulence_rover_ros
[0.579s] Installing occupancy_grid_mapper_node script to /home/maleen/git/algorithmic-robots-world/workspace/succulence_rover_ros/install/succulence_rover_ros/lib/succulence_rover_ros
[0.580s] writing list of installed files to '/home/maleen/git/algorithmic-robots-world/workspace/succulence_rover_ros/build/succulence_rover_ros/install.log'
[0.597s] Invoked command in '/home/maleen/git/algorithmic-robots-world/workspace/succulence_rover_ros' returned '0': DEBUGINFOD_URLS=https://debuginfod.ubuntu.com PYTHONPATH=/home/maleen/git/algorithmic-robots-world/workspace/succulence_rover_ros/build/succulence_rover_ros/prefix_override:/usr/lib/python3/dist-packages/colcon_core/task/python/colcon_distutils_commands:/home/maleen/git/algorithmic-robots-world/workspace/succulence_rover_ros/install/succulence_rover_ros/lib/python3.12/site-packages:${PYTHONPATH} /usr/bin/python3 -W ignore:setup.py install is deprecated -W ignore:easy_install command is deprecated setup.py egg_info --egg-base build/succulence_rover_ros build --build-base /home/maleen/git/algorithmic-robots-world/workspace/succulence_rover_ros/build/succulence_rover_ros/build install --record /home/maleen/git/algorithmic-robots-world/workspace/succulence_rover_ros/build/succulence_rover_ros/install.log --single-version-externally-managed install_data
