[0.437s] Invoking command in '/workspace/succulence_ws/src/succulence_rover_ros': PYTHONPATH=/workspace/succulence_ws/build/succulence_rover_ros/prefix_override:/usr/lib/python3/dist-packages/colcon_core/task/python/colcon_distutils_commands:/workspace/succulence_ws/install/succulence_rover_ros/lib/python3.12/site-packages:${PYTHONPATH} /usr/bin/python3 -W ignore:setup.py install is deprecated -W ignore:easy_install command is deprecated setup.py egg_info --egg-base ../../build/succulence_rover_ros build --build-base /workspace/succulence_ws/build/succulence_rover_ros/build install --record /workspace/succulence_ws/build/succulence_rover_ros/install.log --single-version-externally-managed install_data
[0.588s] running egg_info
[0.597s] writing ../../build/succulence_rover_ros/succulence_rover_ros.egg-info/PKG-INFO
[0.597s] writing dependency_links to ../../build/succulence_rover_ros/succulence_rover_ros.egg-info/dependency_links.txt
[0.598s] writing entry points to ../../build/succulence_rover_ros/succulence_rover_ros.egg-info/entry_points.txt
[0.598s] writing requirements to ../../build/succulence_rover_ros/succulence_rover_ros.egg-info/requires.txt
[0.598s] writing top-level names to ../../build/succulence_rover_ros/succulence_rover_ros.egg-info/top_level.txt
[0.618s] reading manifest file '../../build/succulence_rover_ros/succulence_rover_ros.egg-info/SOURCES.txt'
[0.619s] writing manifest file '../../build/succulence_rover_ros/succulence_rover_ros.egg-info/SOURCES.txt'
[0.619s] running build
[0.619s] running build_py
[0.619s] running install
[0.624s] running install_lib
[0.635s] running install_data
[0.635s] copying config/params_sim.yaml -> /workspace/succulence_ws/install/succulence_rover_ros/share/succulence_rover_ros/config
[0.635s] running install_egg_info
[0.646s] removing '/workspace/succulence_ws/install/succulence_rover_ros/lib/python3.12/site-packages/succulence_rover_ros-0.1.0-py3.12.egg-info' (and everything under it)
[0.646s] Copying ../../build/succulence_rover_ros/succulence_rover_ros.egg-info to /workspace/succulence_ws/install/succulence_rover_ros/lib/python3.12/site-packages/succulence_rover_ros-0.1.0-py3.12.egg-info
[0.646s] running install_scripts
[0.718s] Installing motion_model_node script to /workspace/succulence_ws/install/succulence_rover_ros/lib/succulence_rover_ros
[0.718s] Installing navigator_node script to /workspace/succulence_ws/install/succulence_rover_ros/lib/succulence_rover_ros
[0.718s] Installing occupancy_grid_mapper_node script to /workspace/succulence_ws/install/succulence_rover_ros/lib/succulence_rover_ros
[0.718s] Installing planner_node script to /workspace/succulence_ws/install/succulence_rover_ros/lib/succulence_rover_ros
[0.718s] Installing slam_node script to /workspace/succulence_ws/install/succulence_rover_ros/lib/succulence_rover_ros
[0.719s] writing list of installed files to '/workspace/succulence_ws/build/succulence_rover_ros/install.log'
[0.737s] Invoked command in '/workspace/succulence_ws/src/succulence_rover_ros' returned '0': PYTHONPATH=/workspace/succulence_ws/build/succulence_rover_ros/prefix_override:/usr/lib/python3/dist-packages/colcon_core/task/python/colcon_distutils_commands:/workspace/succulence_ws/install/succulence_rover_ros/lib/python3.12/site-packages:${PYTHONPATH} /usr/bin/python3 -W ignore:setup.py install is deprecated -W ignore:easy_install command is deprecated setup.py egg_info --egg-base ../../build/succulence_rover_ros build --build-base /workspace/succulence_ws/build/succulence_rover_ros/build install --record /workspace/succulence_ws/build/succulence_rover_ros/install.log --single-version-externally-managed install_data
